C51 COMPILER V9.59.0.0   TOUCHKEYCTC_V1_9                                                  08/29/2024 16:47:02 PAGE 1   


C51 COMPILER V9.59.0.0, COMPILATION OF MODULE TOUCHKEYCTC_V1_9
OBJECT MODULE PLACED IN .\Objects\TouchKeyCTC_V1.9.obj
COMPILER INVOKED BY: C:\Keil_v5\C51\BIN\C51.EXE ..\1_bsp\TouchKeyCTC_V1.9.c OMF2 OPTIMIZE(8,SPEED) BROWSE INCDIR(..\1_bs
                    -p;..\2_hal;..\3_app;..\4_user) DEBUG PRINT(.\Listings\TouchKeyCTC_V1.9.lst) OBJECT(.\Objects\TouchKeyCTC_V1.9.obj)

line level    source

   1          
   2          /****************************************Copyright (c)*************************
   3          **--------------æ–‡ä»¶ä¿¡æ¯-------------------------------------------------------
   4          **æ–‡   ä»¶   å: TouchKeyCTC_V1.0.c
   5          **æ        è¿°: è§¦æ‘¸å¤„ç†æ€»æ–‡ä»¶
   6          **ä½¿ ç”¨ è¯´ æ˜ : æ­¤æ–‡ä»¶ä¸‹å‡½æ•°æ— é¡»ç”¨æˆ·ä¿®æ”¹,ç”¨æˆ·éœ€è¦è°ƒç”¨çš„æ–‡ä»¶éƒ½åœ¨è¯¥æ–‡ä»¶å†…
   7          **-----------------------------------------------------------------------------
   8          ******************************************************************************/
   9          #include "TouchKeyCTC.h"
  10          unsigned long int code Tk_TotalChannel = ((unsigned long int)(T_K0_7) + ((unsigned long int)(T_K8_15) << 8
             -) + ((unsigned long int)(T_K16_23) << 16) + \
  11                  ((unsigned long int)(T_K24_30) << 24));
  12          
  13          //============å„ä¸ªæŒ‰é”®çµæ•åº¦è®¾ç½®=================================================================
             -==
  14          const unsigned int code C_FingerThreshold[] =
  15          {
  16                  TK0_FINGER_THRESHOLD,
  17                  TK1_FINGER_THRESHOLD,
  18                  TK2_FINGER_THRESHOLD,
  19                  TK3_FINGER_THRESHOLD,
  20                  TK4_FINGER_THRESHOLD,
  21                  TK5_FINGER_THRESHOLD,
  22                  TK6_FINGER_THRESHOLD,
  23                  TK7_FINGER_THRESHOLD,
  24                  TK8_FINGER_THRESHOLD,
  25                  TK9_FINGER_THRESHOLD,
  26                  TK10_FINGER_THRESHOLD,
  27                  TK11_FINGER_THRESHOLD,
  28                  TK12_FINGER_THRESHOLD,
  29                  TK13_FINGER_THRESHOLD,
  30                  TK14_FINGER_THRESHOLD,
  31                  TK15_FINGER_THRESHOLD,
  32                  TK16_FINGER_THRESHOLD,
  33                  TK17_FINGER_THRESHOLD,
  34                  TK18_FINGER_THRESHOLD,
  35                  TK19_FINGER_THRESHOLD,
  36                  TK20_FINGER_THRESHOLD,
  37                  TK21_FINGER_THRESHOLD,
  38                  TK22_FINGER_THRESHOLD,
  39                  TK23_FINGER_THRESHOLD,
  40                  TK24_FINGER_THRESHOLD,
  41                  TK25_FINGER_THRESHOLD,
  42                  TK26_FINGER_THRESHOLD,
  43                  TK27_FINGER_THRESHOLD,
  44                  TK28_FINGER_THRESHOLD,
  45                  TK29_FINGER_THRESHOLD,
  46                  TK30_FINGER_THRESHOLD,
  47          };
  48          
  49          
  50          //==============================================================
  51          //                       è§¦æ‘¸å˜é‡è®¾ç½®
  52          //==============================================================
C51 COMPILER V9.59.0.0   TOUCHKEYCTC_V1_9                                                  08/29/2024 16:47:02 PAGE 2   

  53          unsigned long data  Tktmrcount = 0;
  54          unsigned long data  AllTouchKeyFlag;                    //æŒ‰é”®çŠ¶æ€ BIT0ä»£è¡¨æŒ‰é”®1ï¼Œä»¥æ­¤ç±»æ¨
  55          unsigned char data      CurrentChannelCnt = 0;
  56          unsigned char data  tkFreqGrade = 0;
  57          unsigned char xdata tkstablecnt = 0;
  58          unsigned char xdata F_TKtmrBOver = 0;
  59          unsigned int  data  Provisional_Val;
  60          unsigned long xdata  s_hwTkLongLockFlag;
  61          unsigned int  xdata  tkSensorDataBuff[TkTotalNum];
  62          unsigned int  xdata  tkBaseLine[TkTotalNum];
  63          unsigned char xdata      CurrentChannel[TkTotalNum];
  64          unsigned int  xdata  tkFilterCapData[TkTotalNum];
  65          unsigned char xdata  tkReleaseCnt[TkTotalNum];
  66          unsigned char xdata  tkPressCnt[TkTotalNum];
  67          unsigned char xdata      tkRestCnt[TkTotalNum];
  68          int           xdata  tkDifference[TkTotalNum];
  69          unsigned char xdata  tkNoiseBiggerFlag[TkTotalNum];
  70          unsigned int  xdata  tkCapData[TkTotalNum][3];
  71          unsigned char xdata  tkBaseSteadyCnt[TkTotalNum];
  72          
  73          //--------------é«˜å¯é æ€§---------------------------------
  74          unsigned char xdata tkLowFingerDataCnt[TkTotalNum];
  75          unsigned char xdata tkMulCnt;
  76          //-------------------------------------------------------
  77          bit  F_tkDetectFinsh;
  78          bit  F_tkbMultipleKey;
  79          bit  F_tkBaseNeedUpdata;
  80          
  81          tk_user_cfg_t data S_tTkUserCfgStruct;
  82          
  83          
  84          void DelayTk_us(unsigned int delay);
  85          void TouchKeyPullResDis();
  86          void TouchKeySetToLow(void);
  87          void TouchScanChannel(void);
  88          void TouchScanChannelIniti(void);
  89          void TouchKeyRestart(void);
  90          void TouchKeyScan(void);
  91          
  92          extern void TouchKey_Service(void);
  93          extern void tkFilterDataDeal_First();
  94          extern void tkFilterDataDeal_Double();
  95          extern void TK_GetDataRenovate();
  96          extern void TK_BaseLineMultiUpdata();
  97          
  98          /*********************************************************
  99          å‡½  æ•°ï¼šDelayTk_us
 100          æ  è¿°:       å»¶æ—¶å‡½æ•°
 101          è¾“å…¥å€¼: delay
 102          è¾“å‡ºå€¼: æ— 
 103          è¿”å›å€¼: æ— 
 104          **********************************************************/
 105          void DelayTk_us(unsigned int delay)
 106          {
 107   1              while (delay)
 108   1              {
 109   2                      delay--;
 110   2              }
 111   1      }
 112          
 113          /*********************************************************
 114          å‡½  æ•°ï¼šGetCurrFingerValue
C51 COMPILER V9.59.0.0   TOUCHKEYCTC_V1_9                                                  08/29/2024 16:47:02 PAGE 3   

 115          æ  è¿°: è¿”å›é€šé“è§¦æ‘¸é˜ˆå€¼
 116          è¾“å…¥å€¼: æ— 
 117          è¾“å‡ºå€¼: æ— 
 118          è¿”å›å€¼: æ— 
 119          **********************************************************/
 120          unsigned int   GetCurrFingerValue(unsigned char i)
 121          {
 122   1              unsigned int volatile Fth;
 123   1              Fth = C_FingerThreshold[CurrentChannel[i]];
 124   1              Fth = Fth * S_tTkUserCfgStruct.tkFigerPressRate / 10;
 125   1              return Fth;
 126   1      }
 127          
 128          
 129          
 130          
 131          /*********************************************************
 132          å‡½  æ•°ï¼šGetTkReliabilityStatus
 133          æ  è¿°:       è·å–è§¦æ‘¸åˆ¤æ–­æ¨¡å¼æ˜¯å¦ä¸ºCSå¼ºå¹²æ‰°æ¨¡å¼
 134          è¾“å…¥å€¼: æ— 
 135          è¾“å‡ºå€¼: æ— 
 136          è¿”å›å€¼: æ— 
 137          **********************************************************/
 138          
 139          unsigned char GetTkReliabilityStatus()
 140          {
 141   1              return(C_CSFunctionEn);
 142   1      }
 143          
 144          
 145          /************************************************************************
 146          å‡½  æ•°ï¼šTouchKeyRestart
 147          æ  è¿°: è·å–æŒ‰é”®æŠ‘åˆ¶ç¡®è®¤æ¬¡æ•°
 148          è¾“å…¥å€¼: æ— 
 149          è¾“å‡ºå€¼: æ— 
 150          è¿”å›å€¼: è¿”å›å™ªå£°æŠ‘åˆ¶æ¬¡æ•°
 151          
 152          /************************************************************************/
 153          
 154          unsigned char GettkRestrainNum(void)
 155          {
 156   1              return ((S_tTkUserCfgStruct.DebounceTimes / C_tkPressRestrianrRatio) + 1);
 157   1      }
 158          
 159          /*********************************************************
 160          å‡½  æ•°ï¼šGetTKNoiseThreshold
 161          æ  è¿°:       è·å–æŠ‘åˆ¶å™ªå£°æ•°æ®
 162          è¾“å…¥å€¼: æ— 
 163          è¾“å‡ºå€¼: æ— 
 164          è¿”å›å€¼: æ— 
 165          **********************************************************/
 166          int GetTKNoiseThreshold(unsigned char i)
 167          {
 168   1              int SetFingerNoisetmp;
 169   1              SetFingerNoisetmp = GetCurrFingerValue(i);                          //å½“å‰é˜ˆå€¼
 170   1              SetFingerNoisetmp = SetFingerNoisetmp * C_tkRestrainNoiseVal / 10;  //æŠ‘åˆ¶å™ªå£°ä¸ºè§¦æ‘¸é˜ˆå€¼çš„70%
 171   1              return SetFingerNoisetmp;
 172   1      }
 173          
 174          
 175          #if (C_HighReliabilityMode == 1)
 176          unsigned char xdata dTK_NoiseNum_Cnt, dTK_NoiseRet_Cnt;
C51 COMPILER V9.59.0.0   TOUCHKEYCTC_V1_9                                                  08/29/2024 16:47:02 PAGE 4   

 177          //-----------------------------------------------------------------//
 178          //å‡½æ•°åç§°ï¼š void TouchHighMoiseChk(void)
 179          //å‡½æ•°åŠŸèƒ½ï¼š é«˜å™ªå£°å’Œå¤§ç”µå‹æ³¢åŠ¨æ£€æµ‹
 180          //è¾“å…¥å‚æ•°ï¼š æ— 
 181          //è¾“å‡ºå‚æ•°ï¼š æ— 
 182          //è¿” å› å€¼ï¼š æ— 
 183          //-----------------------------------------------------------------//
 184          
 185          void  TouchHighMoiseChk()
 186          {
 187   1              unsigned char Tk_Cnt;
 188   1              unsigned int fth;
 189   1              int differ;
 190   1              dTK_NoiseNum_Cnt = 0;
 191   1              for (Tk_Cnt = 0; Tk_Cnt < S_tTkUserCfgStruct.CurrentChannelMax; Tk_Cnt++)
 192   1              {
 193   2                      fth = C_FingerThreshold[CurrentChannel[Tk_Cnt]];
 194   2                      differ = (int)tkBaseLine[Tk_Cnt] - (int)tkSensorDataBuff[Tk_Cnt];
 195   2                      if (C_MULTI_KEY_NOISE_NUM != 0)   //å¤šä¸ªæŒ‰é”®å™ªå£°åˆ¤æ–­åŠŸèƒ½
 196   2                      {
 197   3                              if (differ >= 0)
 198   3                              {
 199   4                                      if (differ >= (((int)fth) * C_MULTI_KEY_NOISE_RATE / 10))//å¤šæŒ‰é”®æ ‡å¿—åˆ¤æ–­
 200   4                                      {
 201   5                                              dTK_NoiseNum_Cnt++;
 202   5                                      }
 203   4                              }
 204   3                      }
 205   2              }
 206   1      
 207   1              //2:2  3:2  4:3  5:3 6:4 7:4 8:5
 208   1              if (dTK_NoiseNum_Cnt > (C_MULTI_KEY_NOISE_NUM + 1))   //å¦‚æœå¤šä¸ªæŒ‰é”®å·®å€¼å¤§äº40%çš„é˜ˆå€¼ï¼Œåˆ™è
             -®¤ä¸ºæœ‰å™ªå£°ï¼Œéœ€è¦è¿›è¡Œç¯å¢ƒæ›´æ–°
 209   1              {
 210   2                      dTK_NoiseNum_Cnt = 0;
 211   2                      dTK_NoiseRet_Cnt++;
 212   2                      if (dTK_NoiseRet_Cnt >= C_MULTI_KEY_NOISE_RST_CNT)
 213   2                      {
 214   3                              dTK_NoiseRet_Cnt = 0;
 215   3                              AllTouchKeyFlag = 0;
 216   3                              F_tkBaseNeedUpdata = 1;           //éœ€è¦æ›´æ–°ç¯å¢ƒå€¼
 217   3                      }
 218   2              }
 219   1              else
 220   1              {
 221   2                      dTK_NoiseRet_Cnt = 0;
 222   2              }
 223   1      }
 224          
 225          #endif
 226          
 227          
 228          /*********************************************************
 229          å‡½  æ•°ï¼šTouchScanChannelIniti
 230          æ  è¿°:        æ‰«ææ‰€æœ‰è§¦æ‘¸æŒ‰é”®ï¼Œä¾æ¬¡é€‰æ‹©è§¦æ‘¸é€šé“
 231          è¾“å…¥å€¼: æ— 
 232          è¾“å‡ºå€¼: æ— 
 233          è¿”å›å€¼: æ— 
 234          **********************************************************/
 235          void TouchScanChannelIniti(void)
 236          {
 237   1              //------------------------
C51 COMPILER V9.59.0.0   TOUCHKEYCTC_V1_9                                                  08/29/2024 16:47:02 PAGE 5   

 238   1              unsigned char   i;
 239   1              unsigned char   Ctk_Channel_SelCnt = 0;
 240   1              unsigned long int       CurrentResponseKey;
 241   1      
 242   1              //------------------------
 243   1              CurrentResponseKey = Tk_TotalChannel;
 244   1              for (i = 0;i < 31;i++)
 245   1              {
 246   2                      CurrentResponseKey = CurrentResponseKey >> 1;
 247   2                      if (CY)
 248   2                      {
 249   3                              CurrentChannel[Ctk_Channel_SelCnt] = i;
 250   3                              Ctk_Channel_SelCnt++;
 251   3                              if (Ctk_Channel_SelCnt >= S_tTkUserCfgStruct.CurrentChannelMax) break;
 252   3                      }
 253   2              }
 254   1      }
 255          
 256          /*********************************************************
 257          å‡½  æ•°ï¼šTK_Cfg_Init
 258          æ  è¿°:       è§¦æ‘¸æŒ‰é”®ç”¨æˆ·å‚æ•°è®¾ç½®åˆå§‹åŒ–
 259          è¾“å…¥å€¼: æ— 
 260          è¾“å‡ºå€¼: æ— 
 261          è¿”å›å€¼: æ— 
 262          **********************************************************/
 263          
 264          void TK_Cfg_Init()
 265          {
 266   1              S_tTkUserCfgStruct.CurrentChannelMax = TkTotalNum;
 267   1              S_tTkUserCfgStruct.DebounceTimes = C_ConfirmFilterCount;
 268   1              S_tTkUserCfgStruct.BaseNoise = C_SetNoiseThreshold;
 269   1              S_tTkUserCfgStruct.MaximumKeyHoldTime = C_tkContiTouchTime;
 270   1              S_tTkUserCfgStruct.OneKeyActive = C_SlideKeyFunc;
 271   1              S_tTkUserCfgStruct.PoweronStable = C_tkPoweronStableCycleNum;
 272   1              S_tTkUserCfgStruct.CsFunStatus = C_CSFunctionEn;
 273   1              S_tTkUserCfgStruct.OneTkUpdataTmr = C_tkOneseSyncUpdateVal;
 274   1              S_tTkUserCfgStruct.AllTkUpdataTmr = C_tkAllSyncUpdateVal;
 275   1              S_tTkUserCfgStruct.AutoFrequence = C_AutoFrequenceGet;
 276   1              S_tTkUserCfgStruct.WaveAbnormal = C_tkWaveAbnormalCount;
 277   1              S_tTkUserCfgStruct.ResponseMaxNum = C_tkResponseMaxNum;
 278   1              S_tTkUserCfgStruct.tkHighDelicasymode = C_tkHighDelicasy;
 279   1              S_tTkUserCfgStruct.tkOneNoiseMultiNum = C_tkOneNoiseMultiNum;
 280   1              S_tTkUserCfgStruct.tkFigerLeftRate = C_TKFigerLeftRate;
 281   1              S_tTkUserCfgStruct.tkFigerPressRate = C_TKFigerPressRate;
 282   1              S_tTkUserCfgStruct.tkUpNoiseUpdateVal = C_tkUpNoiseUpdateVal;
 283   1      }
 284          
 285          
 286          
 287          /*********************************************************
 288          å‡½  æ•°ï¼šGetBaselineUpdateThreshold
 289          æ  è¿°:       è·å–åŸºå€¼å˜åŒ–é€Ÿç‡
 290          è¾“å…¥å€¼: æ— 
 291          è¾“å‡ºå€¼: æ— 
 292          è¿”å›å€¼: æ— 
 293          **********************************************************/
 294          int  GetBaselineUpdateThreshold(void)
 295          {
 296   1              unsigned int tkBaseLineUpdateSpeed;
 297   1              tkBaseLineUpdateSpeed = S_tTkUserCfgStruct.BaseNoise;
 298   1              tkBaseLineUpdateSpeed = tkBaseLineUpdateSpeed * S_tTkUserCfgStruct.tkOneNoiseMultiNum;         //16å€æ•°
 299   1              return tkBaseLineUpdateSpeed;
C51 COMPILER V9.59.0.0   TOUCHKEYCTC_V1_9                                                  08/29/2024 16:47:02 PAGE 6   

 300   1      }
 301          
 302          
 303          
 304          
 305          
 306          /*********************************************************
 307          å‡½  æ•°ï¼štkAutoFrequenceModeSet
 308          æ  è¿°:       è‡ªåŠ¨è·³é¢‘æ¨¡å¼è®¾å®š
 309          è¾“å…¥å€¼: æ— 
 310          è¾“å‡ºå€¼: æ— 
 311          è¿”å›å€¼: æ— 
 312          **********************************************************/
 313          void tkAutoFrequenceModeSet()
 314          {
 315   1              if (S_tTkUserCfgStruct.AutoFrequence)
 316   1              {
 317   2                      TKCR |= 0X04 | 0X02;
 318   2                      //TKINT |= 0x80;                                            //è‡ªåŠ¨è·³é¢‘æ¯æ¬¡åˆå€¼0X40å¼€å§‹è·³é¢‘
 319   2      #if(Header_File==0)
 320   2                      TKOSCCR = 0XC0;                                            //é€‰æ‹©ç‹¬ç«‹æ—¶é’Ÿæº
 321   2      #else
                              TKCHSEL |= 0X80;
              #endif
 324   2              }
 325   1      
 326   1      #if(Header_File==0)
 327   1      
 328   1      #else
                      if (S_tTkUserCfgStruct.tkHighDelicasymode) TKCHSEL |= 0X20;       //é«˜çµæ•åº¦æ¨¡å¼
              #endif
 331   1      }
 332          
 333          
 334          
 335          /*********************************************************
 336          å‡½  æ•°ï¼šPortCx_Output_Low
 337          æ  è¿°:       å°†CXç”µå®¹æ”¾ç”µ
 338          è¾“å…¥å€¼: æ— 
 339          è¾“å‡ºå€¼: æ— 
 340          è¿”å›å€¼: æ— 
 341          **********************************************************/
 342          void PortCx_Output_Low()
 343          {
 344   1              P0PU &= 0X7F;
 345   1      #if(Header_File==0)
 346   1              P0OD &= 0X7F;
 347   1      #endif
 348   1              P0IO |= 0x80;
 349   1              P0 &= 0X7F;        //è¾“å‡º0
 350   1      }
 351          /*********************************************************
 352          å‡½  æ•°ï¼šPortCx_floating
 353          æ  è¿°:       å°†CXç”µå®¹ç«¯å£é…ç½®ä¸ºè¾“å…¥æ€
 354          è¾“å…¥å€¼: æ— 
 355          è¾“å‡ºå€¼: æ— 
 356          è¿”å›å€¼: æ— 
 357          **********************************************************/
 358          void PortCx_floating()
 359          {
 360   1              P0PU &= 0X7F;
 361   1      #if(Header_File==0)
C51 COMPILER V9.59.0.0   TOUCHKEYCTC_V1_9                                                  08/29/2024 16:47:02 PAGE 7   

 362   1              P0OD &= 0X7F;
 363   1      #endif
 364   1              P0IO &= 0X7F;       //æµ®ç©ºè¾“å…¥
 365   1      
 366   1      }
 367          
 368          /*********************************************************
 369          å‡½  æ•°ï¼šTouchKeyResgInit
 370          æ  è¿°:       è§¦æ‘¸æŒ‰é”®åŠŸèƒ½å¯„å­˜å™¨åˆå§‹åŒ–
 371          è¾“å…¥å€¼: æ— 
 372          è¾“å‡ºå€¼: æ— 
 373          è¿”å›å€¼: æ— 
 374          **********************************************************/
 375          void TouchKeyResgInit()
 376          {
 377   1              TKCR &= ~0X08;                      //å…³é—­è§¦æ‘¸æ¨¡å—åŠŸèƒ½
 378   1              DelayTk_us(50);
 379   1              PortCx_Output_Low();
 380   1              DelayTk_us(50);
 381   1              PortCx_floating();              //å°†P07ç«¯å£è®¾ç½®ä¸ºCXå£
 382   1              TKOSCCR = 0;                               //å…³é—­è·³é¢‘
 383   1              TKINT = 0x01 | 0x02 | 0x10;                //TMRä½¿èƒ½ TMRä¸­æ–­ä½¿èƒ½ è§¦æ‘¸ä¸­æ–­ä½¿èƒ½
 384   1              IE1 |= 0x10;                      //æ‰“å¼€è§¦æ‘¸ä¸­æ–­    2ä¸ªä¸­æ–­éƒ½è¦æ‰“å¼€
 385   1              TKCR = 0XE0;                          //ï¼Œæ•°å­—+æ¨¡æ‹Ÿæ»¤æ³¢ï¼Œ7*TCKæ»¤æ³¢
 386   1              TKCHSEL = 0;
 387   1              tkAutoFrequenceModeSet();         //è®¾å®šæ˜¯å¦ä½¿èƒ½è‡ªåŠ¨è·³é¢‘æ¨¡å¼å’Œé«˜çµæ•åº¦æ¨¡å¼
 388   1              TouchScanChannel();                  //é…ç½®è§¦æ‘¸é€šé“
 389   1              DelayTk_us(20);
 390   1              TKCR |= 0x08;                   //ä½¿èƒ½è§¦æ‘¸æ¨¡å—
 391   1      }
 392          
 393          /*********************************************************
 394          å‡½  æ•°ï¼šTouchKeySetToLow
 395          æ  è¿°:       å°†TKç«¯å£ç”µè·æ¸…0
 396          è¾“å…¥å€¼: æ— 
 397          è¾“å‡ºå€¼: æ— 
 398          è¿”å›å€¼: æ— 
 399          **********************************************************/
 400          //void TouchKeySetToLow()
 401          //{
 402          //      PortCx_Output_Low();                                                   // 0 0 0 è¾“å‡ºæ€ 0ï¼Œæ£€æµ‹å®Œä¹‹åï¼Œå°†CSç”µå®¹å£ç”µè·æ
             -¸…0
 403          //      DelayTk_us(20);
 404          //      PortCx_floating();
 405          //      DelayTk_us(10);
 406          //
 407          //}
 408          
 409          /*********************************************************
 410          å‡½  æ•°ï¼šTouchScanChannel
 411          æ  è¿°:       è·å–è§¦æ‘¸ç«¯å£
 412          è¾“å…¥å€¼: æ— 
 413          è¾“å‡ºå€¼: æ— 
 414          è¿”å›å€¼: æ— 
 415          /**********************************************************/
 416          void TouchScanChannel(void)
 417          {
 418   1              unsigned char TKCHSELBUFF;
 419   1              //      TouchKeySetToLow();                                                      //ç›¸åº”çš„touch keyä½œä¸ºè¾“å‡º0ï¼Œæ”¾æ‰æ®‹ç•™ç”µè·
 420   1      
 421   1              TKCHSELBUFF = TKCHSEL;
 422   1              TKCHSELBUFF &= 0XE0;
C51 COMPILER V9.59.0.0   TOUCHKEYCTC_V1_9                                                  08/29/2024 16:47:02 PAGE 8   

 423   1              TKCHSELBUFF |= CurrentChannel[CurrentChannelCnt];
 424   1              TKCHSEL = TKCHSELBUFF;
 425   1      
 426   1      }
 427          
 428          
 429          
 430          /*********************************************************
 431          å‡½  æ•°ï¼šTouchKeyRestart
 432          æ  è¿°:       è§¦æ‘¸æ—¶é’Ÿé€‰æ‹©åŒæ—¶å¯åŠ¨è§¦æ‘¸æ£€æµ‹
 433          è¾“å…¥å€¼: æ— 
 434          è¾“å‡ºå€¼: æ— 
 435          è¿”å›å€¼: æ— 
 436          /**********************************************************/
 437          void TouchKeyRestart(void)
 438          {
 439   1              //Fsys = 16Mï¼Œä¸”Fctc < 8M ,è‡³å°‘éœ€è¦3åˆ†é¢‘
 440   1              TouchScanChannel();                    //é€‰æ‹©éœ€è¦æ£€æµ‹çš„è§¦æ‘¸æŒ‰é”®
 441   1      
 442   1      
 443   1              TKCR &= 0XFE;
 444   1      
 445   1              CTCCR = CTC_VREF | CTC_CounterMode;        // æ—¶é’Ÿè¾“å…¥:  /è®¡æ•°æ¨¡å¼/CTCå‚è€ƒç”µå‹0.4VDD
 446   1      
 447   1              switch (tkFreqGrade)
 448   1              {
 449   2                      case 0:
 450   2                              CTCCR |= CTC_CLKDIV5;          // æ—¶é’Ÿè¾“å…¥:ç³»ç»Ÿæ—¶é’Ÿ\5
 451   2                              break;
 452   2                      case 1:
 453   2                              CTCCR |= CTC_CLKDIV7;          // æ—¶é’Ÿè¾“å…¥:ç³»ç»Ÿæ—¶é’Ÿ\7
 454   2                              break;
 455   2                      case 2:
 456   2                              CTCCR |= CTC_CLKDIV9;          // æ—¶é’Ÿè¾“å…¥:ç³»ç»Ÿæ—¶é’Ÿ\9
 457   2                              break;
 458   2                      default:
 459   2                              break;
 460   2      
 461   2              }
 462   1              TKCR |= 0X01;                                              //å¯åŠ¨æ£€æµ‹
 463   1      }
 464          
 465          
 466          
 467          /*********************************************************
 468          å‡½  æ•°ï¼šTouchKeyChkTmrOverChk
 469          æ  è¿°:       è§¦æ‘¸æŒ‰é”®æ£€æµ‹æº¢å‡ºåˆ¤æ–­
 470          è¾“å…¥å€¼: æ— 
 471          è¾“å‡ºå€¼: æ— 
 472          è¿”å›å€¼: æ— 
 473          **********************************************************/
 474          
 475          void TouchKeyChkTmrOverChk()
 476          {
 477   1              //---------------------æŒ‰é”®æ£€æµ‹æ—¶é—´æº¢å‡ºåˆ¤æ–­------------
 478   1              if (Tktmrcount < S_tTkUserCfgStruct.WaveAbnormal)       // KeyWAve_Abnormal_Count=5000
 479   1              {
 480   2                      Tktmrcount++;
 481   2              }
 482   1              else
 483   1              {
 484   2                      Tktmrcount = 0;
C51 COMPILER V9.59.0.0   TOUCHKEYCTC_V1_9                                                  08/29/2024 16:47:02 PAGE 9   

 485   2                      TouchKeyInit();
 486   2              }
 487   1      }
 488          
 489          
 490          
 491          
 492          /*********************************************************
 493          å‡½  æ•°ï¼šTouchKeyOneScan
 494          æ  è¿°:       è§¦æ‘¸æŒ‰é”®æ€»åˆ¤æ–­ï¼Œç¯å¢ƒåˆ¤æ–­æ€»å‡½æ•°
 495          è¾“å…¥å€¼: æ— 
 496          è¾“å‡ºå€¼: æ— 
 497          è¿”å›å€¼: æ— 
 498          **********************************************************/
 499          
 500          void  TouchKeyOneScan()
 501          {
 502   1              unsigned char i;
 503   1              if (tkstablecnt < (S_tTkUserCfgStruct.PoweronStable + 20))
 504   1              {
 505   2                      tkstablecnt++;
 506   2                      if (tkstablecnt > S_tTkUserCfgStruct.PoweronStable)                                     // å‰S_tTkUserCfgStruct.PoweronStableæ¬¡ä¸ºæ— 
             -æ•ˆï¼Œç­‰å¾…ç³»ç»Ÿç¨³å®šã€‚
 507   2                      {
 508   3                              tkFilterDataDeal_First();                                             //æ•°æ®ä¼˜åŒ–å¹¶å¤„ç†
 509   3                              for (i = 0;i < S_tTkUserCfgStruct.CurrentChannelMax;i++)
 510   3                              {
 511   4                                      if (tkBaseLine[i] == 0)
 512   4                                      {
 513   5                                              tkBaseLine[i] = tkSensorDataBuff[i];
 514   5                                      }
 515   4                                      else
 516   4                                      {
 517   5                                              tkBaseLine[i] -= tkBaseLine[i] >> 1;
 518   5                                              tkBaseLine[i] += tkSensorDataBuff[i] >> 1;
 519   5                                              tkFilterCapData[i] = tkSensorDataBuff[i];
 520   5                                      }
 521   4                              }
 522   3                      }
 523   2                      TouchKeyRestart();                                                     // è®¾ç½®æ‰«æé¢‘ç‡ï¼Œå¯åŠ¨è§¦æ‘¸æ£
             -€æµ‹
 524   2                      return;
 525   2              }
 526   1      
 527   1              tkFilterDataDeal_First();                                                    //æ•°æ®ä¼˜åŒ–å¹¶å¤„ç†
 528   1      #if (C_HighReliabilityMode == 1)
 529   1              TouchHighMoiseChk();
 530   1      #endif
 531   1              tkFilterDataDeal_Double();
 532   1              TouchKeyRestart();                                                         //è®¾ç½®æ‰«æé¢‘ç‡ï¼Œå¯åŠ¨è§¦æ‘¸
             -æ£€æµ‹
 533   1      
 534   1      
 535   1              if (F_tkBaseNeedUpdata == 0)                                                                   //æ£€æµ‹æ˜¯å¦éœ€è¦æ›´æ–°baseline
 536   1              {
 537   2                      TK_GetDataRenovate();                                                                  //è§¦æ‘¸æŒ‰é”®æŒ‰ä¸‹æ¾å¼€ï¼Œå™ªå£°ç­‰åˆ¤æ–­
 538   2              }
 539   1              else
 540   1              {
 541   2                      TK_BaseLineMultiUpdata();                                                  //åŸºçº¿å¤ä½å¤„ç†
 542   2              }
 543   1      
C51 COMPILER V9.59.0.0   TOUCHKEYCTC_V1_9                                                  08/29/2024 16:47:02 PAGE 10  

 544   1      }
 545          
 546          /*********************************************************
 547          å‡½  æ•°ï¼šTouchKeyScan
 548          æ  è¿°:       è§¦æ‘¸æ£€æµ‹
 549          è¾“å…¥å€¼: æ— 
 550          è¾“å‡ºå€¼: æ— 
 551          è¿”å›å€¼: æ— 
 552          **********************************************************/
 553          void TouchKeyScan(void)
 554          {
 555   1              TouchKeyChkTmrOverChk();
 556   1              if (F_tkDetectFinsh)             //æ‰€æœ‰æŒ‰é”®ä¸€ä¸ªå‘¨æœŸæ£€æµ‹ç»“æŸ
 557   1              {
 558   2                      F_tkDetectFinsh = 0;
 559   2                      TouchKeyOneScan();          //å¯åŠ¨è§¦æ‘¸åˆ¤æ–­å’Œä¸‹ä¸€ä¸ªå‘¨æœŸæ£€æµ‹
 560   2              }
 561   1      }
 562          
 563          
 564          //=============================================================
 565          //      InterruptTouch          æ‰«æä¸­æ–­
 566          //=============================================================
 567          void InterruptTouch(void) interrupt 10
 568          {
 569   1              if (TKINT & 0x40)                     //è§¦æ‘¸æ£€æµ‹å®Œæˆ  å®é™…æµ‹è¯•ï¼š16M ä¸­æ–­å¤„ç†æ—¶é—´20us
 570   1              {
 571   2                      TKINT &= ~0x40;
 572   2                      Provisional_Val = TKDRH;
 573   2                      Provisional_Val = Provisional_Val << 8;
 574   2                      Provisional_Val += TKDRL;                       //      é‡‡é›†åˆ°çš„è§¦æ‘¸å€¼
 575   2                      TouchKey_Service();
 576   2              }
 577   1              else                          //è§¦æ‘¸æº¢å‡ºåˆ™é‡æ–°æ‰«æ
 578   1              {
 579   2                      if (TKINT & 0x08)
 580   2                      {
 581   3                              TKINT &= ~0x08;
 582   3                              TouchKeyRestart();
 583   3                      }
 584   2              }
 585   1      }


MODULE INFORMATION:   STATIC OVERLAYABLE
   CODE SIZE        =   1076    ----
   CONSTANT SIZE    =     66    ----
   XDATA SIZE       =     51    ----
   PDATA SIZE       =   ----    ----
   DATA SIZE        =     31       9
   IDATA SIZE       =   ----    ----
   BIT SIZE         =      3    ----
   EDATA SIZE       =   ----    ----
   HDATA SIZE       =   ----    ----
   XDATA CONST SIZE =   ----    ----
   FAR CONST SIZE   =   ----    ----
END OF MODULE INFORMATION.


C51 COMPILATION COMPLETE.  0 WARNING(S),  0 ERROR(S)
